#
# There is insufficient memory for the Java Runtime Environment to continue.
# Native memory allocation (mmap) failed to map 268435456 bytes for G1 virtual space
# Possible reasons:
#   The system is out of physical RAM or swap space
#   The process is running with CompressedOops enabled, and the Java Heap may be blocking the growth of the native heap
# Possible solutions:
#   Reduce memory load on the system
#   Increase physical memory or swap space
#   Check if swap backing store is full
#   Decrease Java heap size (-Xmx/-Xms)
#   Decrease number of Java threads
#   Decrease Java thread stack sizes (-Xss)
#   Set larger code cache with -XX:ReservedCodeCacheSize=
#   JVM is running with Zero Based Compressed Oops mode in which the Java heap is
#     placed in the first 32GB address space. The Java Heap base address is the
#     maximum limit for the native heap growth. Please use -XX:HeapBaseMinAddress
#     to set the Java Heap base and to place the Java Heap above 32GB virtual address.
# This output file may be truncated or incomplete.
#
#  Out of Memory Error (os_windows.cpp:3541), pid=14952, tid=17452
#
# JRE version:  (17.0.5+9) (build )
# Java VM: Java HotSpot(TM) 64-Bit Server VM (17.0.5+9-LTS-191, mixed mode, sharing, tiered, compressed oops, compressed class ptrs, g1 gc, windows-amd64)
# No core dump will be written. Minidumps are not enabled by default on client versions of Windows
#

---------------  S U M M A R Y ------------

Command Line: C:\Users\Mohammad\AppData\Local\Temp\surefire6418255707013785572\surefirebooter14670702823103490740.jar C:\Users\Mohammad\AppData\Local\Temp\surefire6418255707013785572 2023-01-03T20-12-38_356-jvmRun1 surefire5008813310968446659tmp surefire_05806341292883573949tmp

Host: Intel(R) Core(TM) i7-8550U CPU @ 1.80GHz, 8 cores, 15G,  Windows 11 , 64 bit Build 22000 (10.0.22000.1335)
Time: Tue Jan  3 20:12:39 2023 Jerusalem Standard Time elapsed time: 0.016734 seconds (0d 0h 0m 0s)

---------------  T H R E A D  ---------------

Current thread (0x00000237037e6240):  JavaThread "Unknown thread" [_thread_in_vm, id=17452, stack(0x000000660eb00000,0x000000660ec00000)]

Stack: [0x000000660eb00000,0x000000660ec00000]
Native frames: (J=compiled Java code, j=interpreted, Vv=VM code, C=native code)
V  [jvm.dll+0x672eea]
V  [jvm.dll+0x7d2a04]
V  [jvm.dll+0x7d41ae]
V  [jvm.dll+0x7d4813]
V  [jvm.dll+0x242c15]
V  [jvm.dll+0x66fe09]
V  [jvm.dll+0x664682]
V  [jvm.dll+0x300e8b]
V  [jvm.dll+0x308426]
V  [jvm.dll+0x357ffe]
V  [jvm.dll+0x35822f]
V  [jvm.dll+0x2d80a8]
V  [jvm.dll+0x2d9014]
V  [jvm.dll+0x7a44e1]
V  [jvm.dll+0x365df1]
V  [jvm.dll+0x7838fc]
V  [jvm.dll+0x3e873f]
V  [jvm.dll+0x3ea1e1]
C  [jli.dll+0x527b]
C  [ucrtbase.dll+0x26c0c]
C  [KERNEL32.DLL+0x155a0]
C  [ntdll.dll+0x485b]


---------------  P R O C E S S  ---------------

Threads class SMR info:
_java_thread_list=0x00007fff4ff3a8d8, length=0, elements={
}

Java Threads: ( => current thread )

Other Threads:
  0x0000023703852910 GCTaskThread "GC Thread#0" [stack: 0x000000660ec00000,0x000000660ed00000] [id=22192]
  0x0000023703864f70 ConcurrentGCThread "G1 Main Marker" [stack: 0x000000660ed00000,0x000000660ee00000] [id=11932]
  0x0000023703865880 ConcurrentGCThread "G1 Conc#0" [stack: 0x000000660ee00000,0x000000660ef00000] [id=11936]

[error occurred during error reporting (printing all threads), id 0xc0000005, EXCEPTION_ACCESS_VIOLATION (0xc0000005) at pc=0x00007fff4f788a97]

VM state: not at safepoint (not fully initialized)

VM Mutex/Monitor currently owned by a thread:  ([mutex/lock_event])
[0x00000237037e3560] Heap_lock - owner thread: 0x00000237037e6240

Heap address: 0x0000000701c00000, size: 4068 MB, Compressed Oops mode: Zero based, Oop shift amount: 3

CDS archive(s) mapped at: [0x0000000000000000-0x0000000000000000-0x0000000000000000), size 0, SharedBaseAddress: 0x0000000800000000, ArchiveRelocationMode: 0.
Narrow klass base: 0x0000000000000000, Narrow klass shift: 0, Narrow klass range: 0x0

GC Precious Log:
<Empty>

Heap:
 garbage-first heap   total 0K, used 0K [0x0000000701c00000, 0x0000000800000000)
  region size 2048K, 0 young (0K), 0 survivors (0K)

[error occurred during error reporting (printing heap information), id 0xc0000005, EXCEPTION_ACCESS_VIOLATION (0xc0000005) at pc=0x00007fff4fb6c399]

GC Heap History (0 events):
No events

Deoptimization events (0 events):
No events

Classes unloaded (0 events):
No events

Classes redefined (0 events):
No events

Internal exceptions (0 events):
No events

VM Operations (0 events):
No events

Events (1 events):
Event: 0.009 Loaded shared library C:\Program Files\Java\jdk-17.0.5\bin\java.dll


Dynamic libraries:
0x00007ff6115e0000 - 0x00007ff6115f0000 	C:\Program Files\Java\jdk-17.0.5\bin\java.exe
0x00007fffa7680000 - 0x00007fffa7889000 	C:\Windows\SYSTEM32\ntdll.dll
0x00007fff7a3e0000 - 0x00007fff7a3f7000 	C:\Program Files\Avast Software\Avast\aswhook.dll
0x00007fffa59c0000 - 0x00007fffa5a7e000 	C:\Windows\System32\KERNEL32.DLL
0x00007fffa50d0000 - 0x00007fffa544b000 	C:\Windows\System32\KERNELBASE.dll
0x00007fffa4f40000 - 0x00007fffa5051000 	C:\Windows\System32\ucrtbase.dll
0x00007fff87190000 - 0x00007fff871aa000 	C:\Program Files\Java\jdk-17.0.5\bin\VCRUNTIME140.dll
0x00007fff871b0000 - 0x00007fff871c8000 	C:\Program Files\Java\jdk-17.0.5\bin\jli.dll
0x00007fffa6180000 - 0x00007fffa622e000 	C:\Windows\System32\ADVAPI32.dll
0x00007fffa5d80000 - 0x00007fffa5e23000 	C:\Windows\System32\msvcrt.dll
0x00007fffa5e30000 - 0x00007fffa5ece000 	C:\Windows\System32\sechost.dll
0x00007fffa66b0000 - 0x00007fffa67d0000 	C:\Windows\System32\RPCRT4.dll
0x00007fffa6b50000 - 0x00007fffa6cfd000 	C:\Windows\System32\USER32.dll
0x00007fff848d0000 - 0x00007fff84b75000 	C:\Windows\WinSxS\amd64_microsoft.windows.common-controls_6595b64144ccf1df_6.0.22000.120_none_9d947278b86cc467\COMCTL32.dll
0x00007fffa54d0000 - 0x00007fffa54f6000 	C:\Windows\System32\win32u.dll
0x00007fffa5af0000 - 0x00007fffa5b19000 	C:\Windows\System32\GDI32.dll
0x00007fffa4e20000 - 0x00007fffa4f38000 	C:\Windows\System32\gdi32full.dll
0x00007fffa4d80000 - 0x00007fffa4e1d000 	C:\Windows\System32\msvcp_win.dll
0x00007fff9dc70000 - 0x00007fff9dc7a000 	C:\Windows\SYSTEM32\VERSION.dll
0x00007fffa74c0000 - 0x00007fffa74f2000 	C:\Windows\System32\IMM32.DLL
0x00007fff8e600000 - 0x00007fff8e60c000 	C:\Program Files\Java\jdk-17.0.5\bin\vcruntime140_1.dll
0x00007fff87100000 - 0x00007fff8718d000 	C:\Program Files\Java\jdk-17.0.5\bin\msvcp140.dll
0x00007fff4f4a0000 - 0x00007fff50062000 	C:\Program Files\Java\jdk-17.0.5\bin\server\jvm.dll
0x00007fffa6080000 - 0x00007fffa6088000 	C:\Windows\System32\PSAPI.DLL
0x00007fff99030000 - 0x00007fff99063000 	C:\Windows\SYSTEM32\WINMM.dll
0x00007fff893e0000 - 0x00007fff893e9000 	C:\Windows\SYSTEM32\WSOCK32.dll
0x00007fffa5c10000 - 0x00007fffa5c7f000 	C:\Windows\System32\WS2_32.dll
0x00007fffa3cc0000 - 0x00007fffa3cd8000 	C:\Windows\SYSTEM32\kernel.appcore.dll
0x00007fff870f0000 - 0x00007fff870fa000 	C:\Program Files\Java\jdk-17.0.5\bin\jimage.dll
0x00007fff94590000 - 0x00007fff947b1000 	C:\Windows\SYSTEM32\DBGHELP.DLL
0x00007fff8fb40000 - 0x00007fff8fb71000 	C:\Windows\SYSTEM32\dbgcore.DLL
0x00007fffa5450000 - 0x00007fffa54cf000 	C:\Windows\System32\bcryptPrimitives.dll
0x00007fff870c0000 - 0x00007fff870e5000 	C:\Program Files\Java\jdk-17.0.5\bin\java.dll

dbghelp: loaded successfully - version: 4.0.5 - missing functions: none
symbol engine: initialized successfully - sym options: 0x614 - pdb path: .;C:\Program Files\Java\jdk-17.0.5\bin;C:\Windows\SYSTEM32;C:\Program Files\Avast Software\Avast;C:\Windows\WinSxS\amd64_microsoft.windows.common-controls_6595b64144ccf1df_6.0.22000.120_none_9d947278b86cc467;C:\Program Files\Java\jdk-17.0.5\bin\server

VM Arguments:
java_command: C:\Users\Mohammad\AppData\Local\Temp\surefire6418255707013785572\surefirebooter14670702823103490740.jar C:\Users\Mohammad\AppData\Local\Temp\surefire6418255707013785572 2023-01-03T20-12-38_356-jvmRun1 surefire5008813310968446659tmp surefire_05806341292883573949tmp
java_class_path (initial): C:\Users\Mohammad\AppData\Local\Temp\surefire6418255707013785572\surefirebooter14670702823103490740.jar
Launcher Type: SUN_STANDARD

[Global flags]
     intx CICompilerCount                          = 4                                         {product} {ergonomic}
     uint ConcGCThreads                            = 2                                         {product} {ergonomic}
     uint G1ConcRefinementThreads                  = 8                                         {product} {ergonomic}
   size_t G1HeapRegionSize                         = 2097152                                   {product} {ergonomic}
    uintx GCDrainStackTargetSize                   = 64                                        {product} {ergonomic}
   size_t InitialHeapSize                          = 268435456                                 {product} {ergonomic}
   size_t MarkStackSize                            = 4194304                                   {product} {ergonomic}
   size_t MaxHeapSize                              = 4265607168                                {product} {ergonomic}
   size_t MinHeapDeltaBytes                        = 2097152                                   {product} {ergonomic}
   size_t MinHeapSize                              = 8388608                                   {product} {ergonomic}
    uintx NonNMethodCodeHeapSize                   = 5839372                                {pd product} {ergonomic}
    uintx NonProfiledCodeHeapSize                  = 122909434                              {pd product} {ergonomic}
    uintx ProfiledCodeHeapSize                     = 122909434                              {pd product} {ergonomic}
    uintx ReservedCodeCacheSize                    = 251658240                              {pd product} {ergonomic}
     bool SegmentedCodeCache                       = true                                      {product} {ergonomic}
   size_t SoftMaxHeapSize                          = 4265607168                             {manageable} {ergonomic}
     bool UseCompressedClassPointers               = true                           {product lp64_product} {ergonomic}
     bool UseCompressedOops                        = true                           {product lp64_product} {ergonomic}
     bool UseG1GC                                  = true                                      {product} {ergonomic}
     bool UseLargePagesIndividualAllocation        = false                                  {pd product} {ergonomic}

Logging:
Log output configuration:
 #0: stdout all=warning uptime,level,tags
 #1: stderr all=off uptime,level,tags

Environment Variables:
PATH=C:\Program Files\Java\jdk-17.0.5\bin\;C:\Program Files (x86)\Common Files\Oracle\Java\javapath;C:\Windows\system32;C:\Windows;C:\Windows\System32\Wbem;C:\Windows\System32\WindowsPowerShell\v1.0\;C:\Windows\System32\OpenSSH\;C:\Program Files\Microsoft SQL Server\150\Tools\Binn\;C:\Program Files\Git\cmd;C:\Program Files\dotnet\;C:\Program Files (x86)\Windows Kits\10\Windows Performance Toolkit\;C:\Program Files\MySQL\MySQL Shell 8.0\bin\;C:\Users\Mohammad\AppData\Local\Programs\Python\Python310\Scripts\;C:\Users\Mohammad\AppData\Local\Programs\Python\Python310\;C:\Users\Mohammad\AppData\Local\Microsoft\WindowsApps;C:\Users\Mohammad\AppData\Local\Programs\Microsoft VS Code\bin;C:\Program Files\CMake\bin;C:\Users\Mohammad\AppData\Local\GitHubDesktop\bin;C:\Users\Mohammad\.dotnet\tools
USERNAME=Mohammad
OS=Windows_NT
PROCESSOR_IDENTIFIER=Intel64 Family 6 Model 142 Stepping 10, GenuineIntel



---------------  S Y S T E M  ---------------

OS:
 Windows 11 , 64 bit Build 22000 (10.0.22000.1335)
OS uptime: 8 days 3:06 hours

CPU: total 8 (initial active 8) (4 cores per cpu, 2 threads per core) family 6 model 142 stepping 10 microcode 0xea, cx8, cmov, fxsr, ht, mmx, 3dnowpref, sse, sse2, sse3, ssse3, sse4.1, sse4.2, popcnt, lzcnt, tsc, tscinvbit, avx, avx2, aes, erms, clmul, bmi1, bmi2, adx, fma, vzeroupper, clflush, clflushopt

Memory: 4k page, system-wide physical 16264M (929M free)
TotalPageFile size 46575M (AvailPageFile size 171M)
current process WorkingSet (physical memory assigned to process): 10M, peak: 10M
current process commit charge ("private bytes"): 60M, peak: 316M

vm_info: Java HotSpot(TM) 64-Bit Server VM (17.0.5+9-LTS-191) for windows-amd64 JRE (17.0.5+9-LTS-191), built on Sep 13 2022 17:31:43 by "mach5one" with MS VC++ 16.8 / 16.9 (VS2019)

END.
